0 info it worked if it ends with ok
1 verbose cli [ '/usr/local/bin/node', '/usr/local/bin/npm', 'run', 'ssh' ]
2 info using npm@3.8.6
3 info using node@v6.0.0
4 verbose run-script [ 'pressh', 'ssh', 'postssh' ]
5 info lifecycle dynamo@1.0.0~pressh: dynamo@1.0.0
6 silly lifecycle dynamo@1.0.0~pressh: no script for pressh, continuing
7 info lifecycle dynamo@1.0.0~ssh: dynamo@1.0.0
8 verbose lifecycle dynamo@1.0.0~ssh: unsafe-perm in lifecycle true
9 verbose lifecycle dynamo@1.0.0~ssh: PATH: /usr/local/lib/node_modules/npm/bin/node-gyp-bin:/Users/Titan/Documents/Pursuit/Pursuit-Backend/node_modules/.bin:/usr/local/bin:/usr/local/bin:/usr/bin:/bin:/usr/sbin:/sbin
10 verbose lifecycle dynamo@1.0.0~ssh: CWD: /Users/Titan/Documents/Pursuit/Pursuit-Backend
11 silly lifecycle dynamo@1.0.0~ssh: Args: [ '-c',
11 silly lifecycle   'ssh -i \'BetaPursuit.pem.txt\' ubuntu@ec2-52-23-153-110.compute-1.amazonaws.com' ]
12 info lifecycle dynamo@1.0.0~ssh: Failed to exec ssh script
13 verbose stack Error: dynamo@1.0.0 ssh: `ssh -i 'BetaPursuit.pem.txt' ubuntu@ec2-52-23-153-110.compute-1.amazonaws.com`
13 verbose stack spawn ENOENT
13 verbose stack     at ChildProcess.<anonymous> (/usr/local/lib/node_modules/npm/lib/utils/spawn.js:17:16)
13 verbose stack     at emitTwo (events.js:106:13)
13 verbose stack     at ChildProcess.emit (events.js:191:7)
13 verbose stack     at maybeClose (internal/child_process.js:850:16)
13 verbose stack     at Process.ChildProcess._handle.onexit (internal/child_process.js:215:5)
14 verbose pkgid dynamo@1.0.0
15 verbose cwd /Users/Titan/Documents/Pursuit/Pursuit-Backend
16 error Darwin 15.4.0
17 error argv "/usr/local/bin/node" "/usr/local/bin/npm" "run" "ssh"
18 error node v6.0.0
19 error npm  v3.8.6
20 error file sh
21 error code ELIFECYCLE
22 error errno ENOENT
23 error syscall spawn
24 error dynamo@1.0.0 ssh: `ssh -i 'BetaPursuit.pem.txt' ubuntu@ec2-52-23-153-110.compute-1.amazonaws.com`
24 error spawn ENOENT
25 error Failed at the dynamo@1.0.0 ssh script 'ssh -i 'BetaPursuit.pem.txt' ubuntu@ec2-52-23-153-110.compute-1.amazonaws.com'.
25 error Make sure you have the latest version of node.js and npm installed.
25 error If you do, this is most likely a problem with the dynamo package,
25 error not with npm itself.
25 error Tell the author that this fails on your system:
25 error     ssh -i 'BetaPursuit.pem.txt' ubuntu@ec2-52-23-153-110.compute-1.amazonaws.com
25 error You can get information on how to open an issue for this project with:
25 error     npm bugs dynamo
25 error Or if that isn't available, you can get their info via:
25 error     npm owner ls dynamo
25 error There is likely additional logging output above.
26 verbose exit [ 1, true ]
